# JRE version: OpenJDK Runtime Environment (8.0_152-b01) (build 1.8.0_152-release-1248-b01)
# Java VM: OpenJDK 64-Bit Server VM (25.152-b01 mixed mode linux-amd64 compressed oops)
Heap:
 PSYoungGen      total 349696K, used 297964K [0x00000000e0000000, 0x0000000100000000, 0x0000000100000000)
  eden space 175104K, 70% used [0x00000000e0000000,0x00000000e78827e0,0x00000000eab00000)
  from space 174592K, 99% used [0x00000000eab00000,0x00000000f5578c08,0x00000000f5580000)
  to   space 174592K, 80% used [0x00000000f5580000,0x00000000fdf3fec0,0x0000000100000000)
 ParOldGen       total 295936K, used 162519K [0x00000000a0000000, 0x00000000b2100000, 0x00000000e0000000)
  object space 295936K, 54% used [0x00000000a0000000,0x00000000a9eb5dd0,0x00000000b2100000)
 Metaspace       used 166287K, capacity 170305K, committed 171736K, reserved 1200128K
  class space    used 19755K, capacity 20661K, committed 20992K, reserved 1048576K
GC Heap History (10 events):
Event: 3526.271 GC heap after
Heap after GC invocations=45 (full 6):
 PSYoungGen      total 377344K, used 82295K [0x00000000e0000000, 0x0000000100000000, 0x0000000100000000)
  eden space 294912K, 0% used [0x00000000e0000000,0x00000000e0000000,0x00000000f2000000)
  from space 82432K, 99% used [0x00000000f2000000,0x00000000f705df38,0x00000000f7080000)
  to   space 118272K, 0% used [0x00000000f8c80000,0x00000000f8c80000,0x0000000100000000)
 ParOldGen       total 295936K, used 79958K [0x00000000a0000000, 0x00000000b2100000, 0x00000000e0000000)
  object space 295936K, 27% used [0x00000000a0000000,0x00000000a4e15868,0x00000000b2100000)
 Metaspace       used 152258K, capacity 155977K, committed 171736K, reserved 1200128K
  class space    used 18044K, capacity 18845K, committed 20992K, reserved 1048576K
}
Event: 3528.720 GC heap before
{Heap before GC invocations=46 (full 6):
 PSYoungGen      total 377344K, used 377207K [0x00000000e0000000, 0x0000000100000000, 0x0000000100000000)
  eden space 294912K, 100% used [0x00000000e0000000,0x00000000f2000000,0x00000000f2000000)
  from space 82432K, 99% used [0x00000000f2000000,0x00000000f705df38,0x00000000f7080000)
  to   space 118272K, 0% used [0x00000000f8c80000,0x00000000f8c80000,0x0000000100000000)
 ParOldGen       total 295936K, used 79958K [0x00000000a0000000, 0x00000000b2100000, 0x00000000e0000000)
  object space 295936K, 27% used [0x00000000a0000000,0x00000000a4e15868,0x00000000b2100000)
 Metaspace       used 158334K, capacity 162125K, committed 171736K, reserved 1200128K
  class space    used 18794K, capacity 19597K, committed 20992K, reserved 1048576K
Event: 3528.871 GC heap after
Heap after GC invocations=46 (full 6):
 PSYoungGen      total 351744K, used 118249K [0x00000000e0000000, 0x0000000100000000, 0x0000000100000000)
  eden space 233472K, 0% used [0x00000000e0000000,0x00000000e0000000,0x00000000ee400000)
  from space 118272K, 99% used [0x00000000f8c80000,0x00000000ffffa630,0x0000000100000000)
  to   space 145408K, 0% used [0x00000000ee400000,0x00000000ee400000,0x00000000f7200000)
 ParOldGen       total 295936K, used 112057K [0x00000000a0000000, 0x00000000b2100000, 0x00000000e0000000)
  object space 295936K, 37% used [0x00000000a0000000,0x00000000a6d6e7a0,0x00000000b2100000)
 Metaspace       used 158334K, capacity 162125K, committed 171736K, reserved 1200128K
  class space    used 18794K, capacity 19597K, committed 20992K, reserved 1048576K
}
Event: 3999.460 GC heap before
{Heap before GC invocations=47 (full 6):
 PSYoungGen      total 351744K, used 351721K [0x00000000e0000000, 0x0000000100000000, 0x0000000100000000)
  eden space 233472K, 100% used [0x00000000e0000000,0x00000000ee400000,0x00000000ee400000)
  from space 118272K, 99% used [0x00000000f8c80000,0x00000000ffffa630,0x0000000100000000)
  to   space 145408K, 0% used [0x00000000ee400000,0x00000000ee400000,0x00000000f7200000)
 ParOldGen       total 295936K, used 112057K [0x00000000a0000000, 0x00000000b2100000, 0x00000000e0000000)
  object space 295936K, 37% used [0x00000000a0000000,0x00000000a6d6e7a0,0x00000000b2100000)
 Metaspace       used 159226K, capacity 163109K, committed 171736K, reserved 1200128K
  class space    used 18903K, capacity 19773K, committed 20992K, reserved 1048576K
Event: 3999.612 GC heap after
Heap after GC invocations=47 (full 6):
 PSYoungGen      total 374784K, used 141133K [0x00000000e0000000, 0x0000000100000000, 0x0000000100000000)
  eden space 233472K, 0% used [0x00000000e0000000,0x00000000e0000000,0x00000000ee400000)
  from space 141312K, 99% used [0x00000000ee400000,0x00000000f6dd37c8,0x00000000f6e00000)
  to   space 149504K, 0% used [0x00000000f6e00000,0x00000000f6e00000,0x0000000100000000)
 ParOldGen       total 295936K, used 112065K [0x00000000a0000000, 0x00000000b2100000, 0x00000000e0000000)
  object space 295936K, 37% used [0x00000000a0000000,0x00000000a6d707a0,0x00000000b2100000)
 Metaspace       used 159226K, capacity 163109K, committed 171736K, reserved 1200128K
  class space    used 18903K, capacity 19773K, committed 20992K, reserved 1048576K
}
Event: 4002.868 GC heap before
{Heap before GC invocations=48 (full 6):
 PSYoungGen      total 374784K, used 374605K [0x00000000e0000000, 0x0000000100000000, 0x0000000100000000)
  eden space 233472K, 100% used [0x00000000e0000000,0x00000000ee400000,0x00000000ee400000)
  from space 141312K, 99% used [0x00000000ee400000,0x00000000f6dd37c8,0x00000000f6e00000)
  to   space 149504K, 0% used [0x00000000f6e00000,0x00000000f6e00000,0x0000000100000000)
 ParOldGen       total 295936K, used 112065K [0x00000000a0000000, 0x00000000b2100000, 0x00000000e0000000)
  object space 295936K, 37% used [0x00000000a0000000,0x00000000a6d707a0,0x00000000b2100000)
 Metaspace       used 165698K, capacity 169673K, committed 171736K, reserved 1200128K
  class space    used 19694K, capacity 20557K, committed 20992K, reserved 1048576K
Event: 4003.210 GC heap after
Heap after GC invocations=48 (full 6):
 PSYoungGen      total 324608K, used 149482K [0x00000000e0000000, 0x0000000100000000, 0x0000000100000000)
  eden space 175104K, 0% used [0x00000000e0000000,0x00000000e0000000,0x00000000eab00000)
  from space 149504K, 99% used [0x00000000f6e00000,0x00000000ffffa9f0,0x0000000100000000)
  to   space 174592K, 0% used [0x00000000eab00000,0x00000000eab00000,0x00000000f5580000)
 ParOldGen       total 295936K, used 152877K [0x00000000a0000000, 0x00000000b2100000, 0x00000000e0000000)
  object space 295936K, 51% used [0x00000000a0000000,0x00000000a954b570,0x00000000b2100000)
 Metaspace       used 165698K, capacity 169673K, committed 171736K, reserved 1200128K
  class space    used 19694K, capacity 20557K, committed 20992K, reserved 1048576K
}
Event: 4003.904 GC heap before
{Heap before GC invocations=49 (full 6):
 PSYoungGen      total 324608K, used 324586K [0x00000000e0000000, 0x0000000100000000, 0x0000000100000000)
  eden space 175104K, 100% used [0x00000000e0000000,0x00000000eab00000,0x00000000eab00000)
  from space 149504K, 99% used [0x00000000f6e00000,0x00000000ffffa9f0,0x0000000100000000)
  to   space 174592K, 0% used [0x00000000eab00000,0x00000000eab00000,0x00000000f5580000)
 ParOldGen       total 295936K, used 152877K [0x00000000a0000000, 0x00000000b2100000, 0x00000000e0000000)
  object space 295936K, 51% used [0x00000000a0000000,0x00000000a954b570,0x00000000b2100000)
 Metaspace       used 166084K, capacity 170177K, committed 171736K, reserved 1200128K
  class space    used 19747K, capacity 20661K, committed 20992K, reserved 1048576K
Event: 4004.103 GC heap after
Heap after GC invocations=49 (full 6):
 PSYoungGen      total 349696K, used 174563K [0x00000000e0000000, 0x0000000100000000, 0x0000000100000000)
  eden space 175104K, 0% used [0x00000000e0000000,0x00000000e0000000,0x00000000eab00000)
  from space 174592K, 99% used [0x00000000eab00000,0x00000000f5578c08,0x00000000f5580000)
  to   space 174592K, 0% used [0x00000000f5580000,0x00000000f5580000,0x0000000100000000)
 ParOldGen       total 295936K, used 162519K [0x00000000a0000000, 0x00000000b2100000, 0x00000000e0000000)
  object space 295936K, 54% used [0x00000000a0000000,0x00000000a9eb5dd0,0x00000000b2100000)
 Metaspace       used 166084K, capacity 170177K, committed 171736K, reserved 1200128K
  class space    used 19747K, capacity 20661K, committed 20992K, reserved 1048576K
}
Event: 6828.961 GC heap before
{Heap before GC invocations=50 (full 6):
 PSYoungGen      total 349696K, used 297964K [0x00000000e0000000, 0x0000000100000000, 0x0000000100000000)
  eden space 175104K, 70% used [0x00000000e0000000,0x00000000e78827e0,0x00000000eab00000)
  from space 174592K, 99% used [0x00000000eab00000,0x00000000f5578c08,0x00000000f5580000)
  to   space 174592K, 0% used [0x00000000f5580000,0x00000000f5580000,0x0000000100000000)
 ParOldGen       total 295936K, used 162519K [0x00000000a0000000, 0x00000000b2100000, 0x00000000e0000000)
  object space 295936K, 54% used [0x00000000a0000000,0x00000000a9eb5dd0,0x00000000b2100000)
 Metaspace       used 166287K, capacity 170305K, committed 171736K, reserved 1200128K
  class space    used 19755K, capacity 20661K, committed 20992K, reserved 1048576K

